*** Starting uWSGI 2.0.17.1 (64bit) on [Fri Jul 20 16:03:19 2018] ***
compiled with version: 5.4.0 20160609 on 20 July 2018 10:17:34
os: Linux-4.4.0-130-generic #156-Ubuntu SMP Thu Jun 14 08:53:28 UTC 2018
nodename: 181991.simplecloud.ru
machine: x86_64
clock source: unix
detected number of CPU cores: 1
current working directory: /home/atl/django/pacem/pacem
detected binary path: /home/atl/django/pacem/venv/bin/uwsgi
!!! no internal routing support, rebuild with pcre support !!!
*** WARNING: you are running uWSGI without its master process manager ***
your processes number limit is 1813
your memory page size is 4096 bytes
detected max file descriptor number: 1024
lock engine: pthread robust mutexes
thunder lock: disabled (you can enable it with --thunder-lock)
uwsgi socket 0 bound to UNIX address pacem.sock fd 3
Python version: 3.7.0 (default, Jul 20 2018, 12:06:57)  [GCC 5.4.0 20160609]
*** Python threads support is disabled. You can enable it with --enable-threads ***
Python main interpreter initialized at 0x29455b0
your server socket listen backlog is limited to 100 connections
your mercy for graceful operations on workers is 60 seconds
mapped 72920 bytes (71 KB) for 1 cores
*** Operational MODE: single process ***
WSGI app 0 (mountpoint='') ready in 1 seconds on interpreter 0x29455b0 pid: 21488 (default app)
*** uWSGI is running in multiple interpreter mode ***
spawned uWSGI worker 1 (and the only) (pid: 21488, cores: 1)
*** Starting uWSGI 2.0.17.1 (64bit) on [Fri Jul 20 16:04:24 2018] ***
compiled with version: 5.4.0 20160609 on 20 July 2018 10:17:34
os: Linux-4.4.0-130-generic #156-Ubuntu SMP Thu Jun 14 08:53:28 UTC 2018
nodename: 181991.simplecloud.ru
machine: x86_64
clock source: unix
detected number of CPU cores: 1
current working directory: /home/atl/django/pacem/pacem
detected binary path: /home/atl/django/pacem/venv/bin/uwsgi
!!! no internal routing support, rebuild with pcre support !!!
*** WARNING: you are running uWSGI without its master process manager ***
your processes number limit is 1813
your memory page size is 4096 bytes
detected max file descriptor number: 1024
lock engine: pthread robust mutexes
thunder lock: disabled (you can enable it with --thunder-lock)
uwsgi socket 0 bound to UNIX address pacem.sock fd 3
Python version: 3.7.0 (default, Jul 20 2018, 12:06:57)  [GCC 5.4.0 20160609]
*** Python threads support is disabled. You can enable it with --enable-threads ***
Python main interpreter initialized at 0x10b65b0
your server socket listen backlog is limited to 100 connections
your mercy for graceful operations on workers is 60 seconds
mapped 72920 bytes (71 KB) for 1 cores
*** Operational MODE: single process ***
WSGI app 0 (mountpoint='') ready in 0 seconds on interpreter 0x10b65b0 pid: 21526 (default app)
*** uWSGI is running in multiple interpreter mode ***
spawned uWSGI worker 1 (and the only) (pid: 21526, cores: 1)
